Time: 115630
Accel X: -19.60         Y: 5.92         Z: 19.60        m/s^2
Magn. X: -0.30          Y: 0.54         Z: -0.14        gauss
Gyro  X: 0.54           Y: -7.43        Z: 0.61         dps
Temp: 21.00 *C
**********************
 
Time: 116018
Accel X: -19.60         Y: 5.92         Z: 19.60        m/s^2
Magn. X: -0.30          Y: 0.54         Z: -0.14        gauss
Gyro  X: 0.54           Y: -7.43        Z: 0.61         dps
Temp: 21.00 *C
**********************
 
Time: 116407
Accel X: -19.60         Y: 5.92         Z: 19.60        m/s^2
Magn. X: -0.30          Y: 0.54         Z: -0.14        gauss
Gyro  X: 0.54           Y: -7.43        Z: 0.61         dps
Temp: 21.00 *C
**********************
 
Time: 116795
Accel X: -19.60         Y: 5.92         Z: 19.60        m/s^2
Magn. X: -0.30          Y: 0.54         Z: -0.14        gauss
Gyro  X: 0.54           Y: -7.43        Z: 0.61         dps
Temp: 21.00 *C
**********************
 
Time: 117184
Accel X: -19.60         Y: 5.92         Z: 19.60        m/s^2
Magn. X: -0.30          Y: 0.54         Z: -0.14        gauss
Gyro  X: 0.54           Y: -7.43        Z: 0.61         dps
Temp: 21.00 *C
**********************
 
Time: 117572
Accel X: -19.60         Y: 5.92         Z: 19.60        m/s^2
Magn. X: -0.30          Y: 0.54         Z: -0.14        gauss
Gyro  X: 0.54           Y: -7.43        Z: 0.61         dps
Temp: 21.00 *C
**********************
 
Time: 117961
Accel X: -19.60         Y: 5.92         Z: 19.60        m/s^2
Magn. X: -0.30          Y: 0.54         Z: -0.14        gauss
Gyro  X: 0.54           Y: -7.43        Z: 0.61         dps
Temp: 21.00 *C
**********************
 
Time: 118350
Accel X: -19.60         Y: 5.92         Z: 19.60        m/s^2
Magn. X: -0.30          Y: 0.54         Z: -0.14        gauss
Gyro  X: 0.54           Y: -7.43        Z: 0.61         dps
Temp: 21.00 *C
**********************
 
Time: 118738
Accel X: -19.60         Y: 5.92         Z: 19.60        m/s^2
Magn. X: -0.30          Y: 0.54         Z: -0.14        gauss
Gyro  X: 0.54           Y: -7.43        Z: 0.61         dps
Temp: 21.00 *C
**********************
 
Time: 119127
Accel X: -19.60         Y: 5.92         Z: 19.60        m/s^2
Magn. X: -0.30          Y: 0.54         Z: -0.14        gauss
Gyro  X: 0.54           Y: -7.43        Z: 0.61         dps
Temp: 21.00 *C
**********************
 
Time: 119515
Accel X: -19.60         Y: 5.92         Z: 19.60        m/s^2
Magn. X: -0.30          Y: 0.54         Z: -0.14        gauss
Gyro  X: 0.54           Y: -7.43        Z: 0.61         dps
Temp: 21.00 *C
**********************
 
Time: 119904
Accel X: -19.60         Y: 5.92         Z: 19.60        m/s^2
Magn. X: -0.30          Y: 0.54         Z: -0.14        gauss
Gyro  X: 0.54           Y: -7.43        Z: 0.61         dps
Temp: 21.00 *C
**********************
 
Time: 120292
Accel X: -19.60         Y: 5.92         Z: 19.60        m/s^2
Magn. X: -0.30          Y: 0.54         Z: -0.14        gauss
Gyro  X: 0.54           Y: -7.43        Z: 0.61         dps
Temp: 21.00 *C
**********************
 
Time: 120681
Accel X: -19.60         Y: 5.92         Z: 19.60        m/s^2
Magn. X: -0.30          Y: 0.54         Z: -0.14        gauss
Gyro  X: 0.54           Y: -7.43        Z: 0.61         dps
Temp: 21.00 *C
**********************
 
Time: 121069
Accel X: -19.60         Y: 5.92         Z: 19.60        m/s^2
Magn. X: -0.30          Y: 0.54         Z: -0.14        gauss
Gyro  X: 0.54           Y: -7.43        Z: 0.61         dps
Temp: 21.00 *C
**********************
 
Time: 121458
Accel X: -19.60         Y: 5.92         Z: 19.60        m/s^2
Magn. X: -0.30          Y: 0.54         Z: -0.14        gauss
Gyro  X: 0.54           Y: -7.43        Z: 0.61         dps
Temp: 21.00 *C
**********************
 
Time: 121846
Accel X: -19.60         Y: 5.92         Z: 19.60        m/s^2
Magn. X: -0.30          Y: 0.54         Z: -0.14        gauss
Gyro  X: 0.54           Y: -7.43        Z: 0.61         dps
Temp: 21.00 *C
**********************
 
Time: 122236
Accel X: -19.60         Y: 5.92         Z: 19.60        m/s^2
Magn. X: -0.30          Y: 0.54         Z: -0.14        gauss
Gyro  X: 0.54           Y: -7.43        Z: 0.61         dps
Temp: 21.00 *C
**********************
 
Time: 122624
Accel X: -19.60         Y: 5.92         Z: 19.60        m/s^2
Magn. X: -0.30          Y: 0.54         Z: -0.14        gauss
Gyro  X: 0.54           Y: -7.43        Z: 0.61         dps
Temp: 21.00 *C
**********************
 
Time: 123013
Accel X: -19.60         Y: 5.92         Z: 19.60        m/s^2
Magn. X: -0.30          Y: 0.54         Z: -0.14        gauss
Gyro  X: 0.54           Y: -7.43        Z: 0.61         dps
Temp: 21.00 *C
**********************
 
Time: 123401
Accel X: -19.60         Y: 5.92         Z: 19.60        m/s^2
Magn. X: -0.30          Y: 0.54         Z: -0.14        gauss
Gyro  X: 0.54           Y: -7.43        Z: 0.61         dps
Temp: 21.00 *C
**********************
 
Time: 123789
Accel X: -19.60         Y: 5.92         Z: 19.60        m/s^2
Magn. X: -0.30          Y: 0.54         Z: -0.14        gauss
Gyro  X: 0.54           Y: -7.43        Z: 0.61         dps
Temp: 21.00 *C
**********************
 
Time: 124178
Accel X: -19.60         Y: 5.92         Z: 19.60        m/s^2
Magn. X: -0.30          Y: 0.54         Z: -0.14        gauss
Gyro  X: 0.54           Y: -7.43        Z: 0.61         dps
Temp: 21.00 *C
**********************
 
Time: 124566
Accel X: -19.60         Y: 5.92         Z: 19.60        m/s^2
Magn. X: -0.30          Y: 0.54         Z: -0.14        gauss
Gyro  X: 0.54           Y: -7.43        Z: 0.61         dps
Temp: 21.00 *C
**********************
 
Time: 124955
Accel X: -19.60         Y: 5.92         Z: 19.60        m/s^2
Magn. X: -0.30          Y: 0.54         Z: -0.14        gauss
Gyro  X: 0.54           Y: -7.43        Z: 0.61         dps
Temp: 21.00 *C
**********************
 
Time: 125343
Accel X: -19.60         Y: 5.92         Z: 19.60        m/s^2
Magn. X: -0.30          Y: 0.54         Z: -0.14        gauss
Gyro  X: 0.54           Y: -7.43        Z: 0.61         dps
Temp: 21.00 *C
**********************
 
Time: 125733
Accel X: -19.60         Y: 5.92         Z: 19.60        m/s^2
Magn. X: -0.30          Y: 0.54         Z: -0.14        gauss
Gyro  X: 0.54           Y: -7.43        Z: 0.61         dps
Temp: 21.00 *C
**********************
 
Time: 126121
Accel X: -19.60         Y: 5.92         Z: 19.60        m/s^2
Magn. X: -0.30          Y: 0.54         Z: -0.14        gauss
Gyro  X: 0.54           Y: -7.43        Z: 0.61         dps
Temp: 21.00 *C
**********************
 
Time: 126510
Accel X: -19.60         Y: 5.92         Z: 19.60        m/s^2
Magn. X: -0.30          Y: 0.54         Z: -0.14        gauss
Gyro  X: 0.54           Y: -7.43        Z: 0.61         dps
Temp: 21.00 *C
**********************
 
Time: 126898
Accel X: -19.60         Y: 5.92         Z: 19.60        m/s^2
Magn. X: -0.30          Y: 0.54         Z: -0.14        gauss
Gyro  X: 0.54           Y: -7.43        Z: 0.61         dps
Temp: 21.00 *C
**********************
 
Time: 127287
Accel X: -19.60         Y: 5.92         Z: 19.60        m/s^2
Magn. X: -0.30          Y: 0.54         Z: -0.14        gauss
Gyro  X: 0.54           Y: -7.43        Z: 0.61         dps
Temp: 21.00 *C
**********************
 
Time: 127675
Accel X: -19.60         Y: 5.92         Z: 19.60        m/s^2
Magn. X: -0.30          Y: 0.54         Z: -0.14        gauss
Gyro  X: 0.54           Y: -7.43        Z: 0.61         dps
Temp: 21.00 *C
**********************
 
Time: 128064
Accel X: -19.60         Y: 5.92         Z: 19.60        m/s^2
Magn. X: -0.30          Y: 0.54         Z: -0.14        gauss
Gyro  X: 0.54           Y: -7.43        Z: 0.61         dps
Temp: 21.00 *C
**********************
 
Time: 128452
Accel X: -19.60         Y: 5.92         Z: 19.60        m/s^2
Magn. X: -0.30          Y: 0.54         Z: -0.14        gauss
Gyro  X: 0.54           Y: -7.43        Z: 0.61         dps
Temp: 21.00 *C
**********************
 
Time: 128840
Accel X: -19.60         Y: 5.92         Z: 19.60        m/s^2
Magn. X: -0.30          Y: 0.54         Z: -0.14        gauss
Gyro  X: 0.54           Y: -7.43        Z: 0.61         dps
Temp: 21.00 *C
**********************
 
Time: 129230
Accel X: -19.60         Y: 5.92         Z: 19.60        m/s^2
Magn. X: -0.30          Y: 0.54         Z: -0.14        gauss
Gyro  X: 0.54           Y: -7.43        Z: 0.61         dps
Temp: 21.00 *C
**********************
 
Time: 129618
Accel X: -19.60         Y: 5.92         Z: 19.60        m/s^2
Magn. X: -0.30          Y: 0.54         Z: -0.14        gauss
Gyro  X: 0.54           Y: -7.43        Z: 0.61         dps
Temp: 21.00 *C
**********************
 
Time: 130007
Accel X: -19.60         Y: 5.92         Z: 19.60        m/s^2
Magn. X: -0.30          Y: 0.54         Z: -0.14        gauss
Gyro  X: 0.54           Y: -7.43        Z: 0.61         dps
Temp: 21.00 *C
**********************
 
Time: 130395
Accel X: -19.60         Y: 5.92         Z: 19.60        m/s^2
Magn. X: -0.30          Y: 0.54         Z: -0.14        gauss
Gyro  X: 0.54           Y: -7.43        Z: 0.61         dps
Temp: 21.00 *C
**********************
 
Time: 130784
Accel X: -19.60         Y: 5.92         Z: 19.60        m/s^2
Magn. X: -0.30          Y: 0.54         Z: -0.14        gauss
Gyro  X: 0.54           Y: -7.43        Z: 0.61         dps
Temp: 21.00 *C
**********************
 
Time: 131172
Accel X: -19.60         Y: 5.92         Z: 19.60        m/s^2
Magn. X: -0.30          Y: 0.54         Z: -0.14        gauss
Gyro  X: 0.54           Y: -7.43        Z: 0.61         dps
Temp: 21.00 *C
**********************
 
Time: 131561
Accel X: -19.60         Y: 5.92         Z: 19.60        m/s^2
Magn. X: -0.30          Y: 0.54         Z: -0.14        gauss
Gyro  X: 0.54           Y: -7.43        Z: 0.61         dps
Temp: 21.00 *C
**********************
 
Time: 131949
Accel X: -19.60         Y: 5.92         Z: 19.60        m/s^2
Magn. X: -0.30          Y: 0.54         Z: -0.14        gauss
Gyro  X: 0.54           Y: -7.43        Z: 0.61         dps
Temp: 21.00 *C
**********************
 
Time: 132338
Accel X: -19.60         Y: 5.92         Z: 19.60        m/s^2
Magn. X: -0.30          Y: 0.54         Z: -0.14        gauss
Gyro  X: 0.54           Y: -7.43        Z: 0.61         dps
Temp: 21.00 *C
**********************
 
Time: 132726
Accel X: -19.60         Y: 5.92         Z: 19.60        m/s^2
Magn. X: -0.30          Y: 0.54         Z: -0.14        gauss
Gyro  X: 0.54           Y: -7.43        Z: 0.61         dps
Temp: 21.00 *C
**********************
 
Time: 133116
Accel X: -19.60         Y: 5.92         Z: 19.60        m/s^2
Magn. X: -0.30          Y: 0.54         Z: -0.14        gauss
Gyro  X: 0.54           Y: -7.43        Z: 0.61         dps
Temp: 21.00 *C
**********************
 
Time: 133504
Accel X: -19.60         Y: 5.92         Z: 19.60        m/s^2
Magn. X: -0.30          Y: 0.54         Z: -0.14        gauss
Gyro  X: 0.54           Y: -7.43        Z: 0.61         dps
Temp: 21.00 *C
**********************
 
Time: 133892
Accel X: -19.60         Y: 5.92         Z: 19.60        m/s^2
Magn. X: -0.30          Y: 0.54         Z: -0.14        gauss
Gyro  X: 0.54           Y: -7.43        Z: 0.61         dps
Temp: 21.00 *C
**********************
 
Time: 134281
Accel X: -19.60         Y: 5.92         Z: 19.60        m/s^2
Magn. X: -0.30          Y: 0.54         Z: -0.14        gauss
Gyro  X: 0.54           Y: -7.43        Z: 0.61         dps
Temp: 21.00 *C
**********************
 
Time: 134669
Accel X: -19.60         Y: 5.92         Z: 19.60        m/s^2
Magn. X: -0.30          Y: 0.54         Z: -0.14        gauss
Gyro  X: 0.54           Y: -7.43        Z: 0.61         dps
Temp: 21.00 *C
**********************
 
Time: 135058
Accel X: -19.60         Y: 5.92         Z: 19.60        m/s^2
Magn. X: -0.30          Y: 0.54         Z: -0.14        gauss
Gyro  X: 0.54           Y: -7.43        Z: 0.61         dps
Temp: 21.00 *C
**********************
 
Time: 135446
Accel X: -19.60         Y: 5.92         Z: 19.60        m/s^2
Magn. X: -0.30          Y: 0.54         Z: -0.14        gauss
Gyro  X: 0.54           Y: -7.43        Z: 0.61         dps
Temp: 21.00 *C
**********************
 
Time: 135835
Accel X: -19.60         Y: 5.92         Z: 19.60        m/s^2
Magn. X: -0.30          Y: 0.54         Z: -0.14        gauss
Gyro  X: 0.54           Y: -7.43        Z: 0.61         dps
Temp: 21.00 *C
**********************
 
Time: 136223
Accel X: -19.60         Y: 5.92         Z: 19.60        m/s^2
Magn. X: -0.30          Y: 0.54         Z: -0.14        gauss
Gyro  X: 0.54           Y: -7.43        Z: 0.61         dps
Temp: 21.00 *C
**********************
 
Time: 136613
Accel X: -19.60         Y: 5.92         Z: 19.60        m/s^2
Magn. X: -0.30          Y: 0.54         Z: -0.14        gauss
Gyro  X: 0.54           Y: -7.43        Z: 0.61         dps
Temp: 21.00 *C
**********************
 
Time: 137001
Accel X: -19.60         Y: 5.92         Z: 19.60        m/s^2
Magn. X: -0.30          Y: 0.54         Z: -0.14        gauss
Gyro  X: 0.54           Y: -7.43        Z: 0.61         dps
Temp: 21.00 *C
**********************
 
Time: 137390
Accel X: -19.60         Y: 5.92         Z: 19.60        m/s^2
Magn. X: -0.30          Y: 0.54         Z: -0.14        gauss
Gyro  X: 0.54           Y: -7.43        Z: 0.61         dps
Temp: 21.00 *C
**********************
 
Time: 137778
Accel X: -19.60         Y: 5.92         Z: 19.60        m/s^2
Magn. X: -0.30          Y: 0.54         Z: -0.14        gauss
Gyro  X: 0.54           Y: -7.43        Z: 0.61         dps
Temp: 21.00 *C
**********************
 
Time: 138167
Accel X: -19.60         Y: 5.92         Z: 19.60        m/s^2
Magn. X: -0.30          Y: 0.54         Z: -0.14        gauss
Gyro  X: 0.54           Y: -7.43        Z: 0.61         dps
Temp: 21.00 *C
**********************
 
Time: 138555
Accel X: -19.60         Y: 5.92         Z: 19.60        m/s^2
Magn. X: -0.30          Y: 0.54         Z: -0.14        gauss
Gyro  X: 0.54           Y: -7.43        Z: 0.61         dps
Temp: 21.00 *C
**********************
 
Time: 138943
Accel X: -19.60         Y: 5.92         Z: 19.60        m/s^2
Magn. X: -0.30          Y: 0.54         Z: -0.14        gauss
Gyro  X: 0.54           Y: -7.43        Z: 0.61         dps
Temp: 21.00 *C
**********************
 
Time: 139332
Accel X: -19.60         Y: 5.92         Z: 19.60        m/s^2
Magn. X: -0.30          Y: 0.54         Z: -0.14        gauss
Gyro  X: 0.54           Y: -7.43        Z: 0.61         dps
Temp: 21.00 *C
**********************
 
Time: 139720
Accel X: -19.60         Y: 5.92         Z: 19.60        m/s^2
Magn. X: -0.30          Y: 0.54         Z: -0.14        gauss
Gyro  X: 0.54           Y: -7.43        Z: 0.61         dps
Temp: 21.00 *C
**********************
 
Time: 140110
Accel X: -19.60         Y: 5.92         Z: 19.60        m/s^2
Magn. X: -0.30          Y: 0.54         Z: -0.14        gauss
Gyro  X: 0.54           Y: -7.43        Z: 0.61         dps
Temp: 21.00 *C
**********************
 
Time: 140498
Accel X: -19.60         Y: 5.92         Z: 19.60        m/s^2
Magn. X: -0.30          Y: 0.54         Z: -0.14        gauss
Gyro  X: 0.54           Y: -7.43        Z: 0.61         dps
Temp: 21.00 *C
**********************
 
Time: 140887
Accel X: -19.60         Y: 5.92         Z: 19.60        m/s^2
Magn. X: -0.30          Y: 0.54         Z: -0.14        gauss
Gyro  X: 0.54           Y: -7.43        Z: 0.61         dps
Temp: 21.00 *C
**********************
 
Time: 141275
Accel X: -19.60         Y: 5.92         Z: 19.60        m/s^2
Magn. X: -0.30          Y: 0.54         Z: -0.14        gauss
Gyro  X: 0.54           Y: -7.43        Z: 0.61         dps
Temp: 21.00 *C
**********************
 
Time: 141664
Accel X: -19.60         Y: 5.92         Z: 19.60        m/s^2
Magn. X: -0.30          Y: 0.54         Z: -0.14        gauss
Gyro  X: 0.54           Y: -7.43        Z: 0.61         dps
Temp: 21.00 *C
**********************
 
Time: 142052
Accel X: -19.60         Y: 5.92         Z: 19.60        m/s^2
Magn. X: -0.30          Y: 0.54         Z: -0.14        gauss
Gyro  X: 0.54           Y: -7.43        Z: 0.61         dps
Temp: 21.00 *C
**********************
 
Time: 142441
Accel X: -19.60         Y: 5.92         Z: 19.60        m/s^2
Magn. X: -0.30          Y: 0.54         Z: -0.14        gauss
Gyro  X: 0.54           Y: -7.43        Z: 0.61         dps
Temp: 21.00 *C
**********************
 
Time: 142829
Accel X: -19.60         Y: 5.92         Z: 19.60        m/s^2
Magn. X: -0.30          Y: 0.54         Z: -0.14        gauss
Gyro  X: 0.54           Y: -7.43        Z: 0.61         dps
Temp: 21.00 *C
**********************
 
Time: 143218
Accel X: -19.60         Y: 5.92         Z: 19.60        m/s^2
Magn. X: -0.30          Y: 0.54         Z: -0.14        gauss
Gyro  X: 0.54           Y: -7.43        Z: 0.61         dps
Temp: 21.00 *C
**********************
 
Time: 143606
Accel X: -19.60         Y: 5.92         Z: 19.60        m/s^2
Magn. X: -0.30          Y: 0.54         Z: -0.14        gauss
Gyro  X: 0.54           Y: -7.43        Z: 0.61         dps
Temp: 21.00 *C
**********************
 
Time: 143995
Accel X: -19.60         Y: 5.92         Z: 19.60        m/s^2
Magn. X: -0.30          Y: 0.54         Z: -0.14        gauss
Gyro  X: 0.54           Y: -7.43        Z: 0.61         dps
Temp: 21.00 *C
**********************
 
Time: 144384
Accel X: -19.60         Y: 5.92         Z: 19.60        m/s^2
Magn. X: -0.30          Y: 0.54         Z: -0.14        gauss
Gyro  X: 0.54           Y: -7.43        Z: 0.61         dps
Temp: 21.00 *C
**********************
 
Time: 144772
Accel X: -19.60         Y: 5.92         Z: 19.60        m/s^2
Magn. X: -0.30          Y: 0.54         Z: -0.14        gauss
Gyro  X: 0.54           Y: -7.43        Z: 0.61         dps
Temp: 21.00 *C
**********************
 
Time: 145161
Accel X: -19.60         Y: 5.92         Z: 19.60        m/s^2
Magn. X: -0.30          Y: 0.54         Z: -0.14        gauss
Gyro  X: 0.54           Y: -7.43        Z: 0.61         dps
Temp: 21.00 *C
**********************
 
Time: 145549
Accel X: -19.60         Y: 5.92         Z: 19.60        m/s^2
Magn. X: -0.30          Y: 0.54         Z: -0.14        gauss
Gyro  X: 0.54           Y: -7.43        Z: 0.61         dps
Temp: 21.00 *C
**********************
 
Time: 145938
Accel X: -19.60         Y: 5.92         Z: 19.60        m/s^2
Magn. X: -0.30          Y: 0.54         Z: -0.14        gauss
Gyro  X: 0.54           Y: -7.43        Z: 0.61         dps
Temp: 21.00 *C
**********************
 
Time: 146326
Accel X: -19.60         Y: 5.92         Z: 19.60        m/s^2
Magn. X: -0.30          Y: 0.54         Z: -0.14        gauss
Gyro  X: 0.54           Y: -7.43        Z: 0.61         dps
Temp: 21.00 *C
**********************
 
Time: 146715
Accel X: -19.60         Y: 5.92         Z: 19.60        m/s^2
Magn. X: -0.30          Y: 0.54         Z: -0.14        gauss
Gyro  X: 0.54           Y: -7.43        Z: 0.61         dps
Temp: 21.00 *C
**********************
 
Time: 147103
Accel X: -19.60         Y: 5.92         Z: 19.60        m/s^2
Magn. X: -0.30          Y: 0.54         Z: -0.14        gauss
Gyro  X: 0.54           Y: -7.43        Z: 0.61         dps
Temp: 21.00 *C
**********************
 
Time: 147493
Accel X: -19.60         Y: 5.92         Z: 19.60        m/s^2
Magn. X: -0.30          Y: 0.54         Z: -0.14        gauss
Gyro  X: 0.54           Y: -7.43        Z: 0.61         dps
Temp: 21.00 *C
**********************
 
Time: 147881
Accel X: -19.60         Y: 5.92         Z: 19.60        m/s^2
Magn. X: -0.30          Y: 0.54         Z: -0.14        gauss
Gyro  X: 0.54           Y: -7.43        Z: 0.61         dps
Temp: 21.00 *C
**********************
 
Time: 148269
Accel X: -19.60         Y: 5.92         Z: 19.60        m/s^2
Magn. X: -0.30          Y: 0.54         Z: -0.14        gauss
Gyro  X: 0.54           Y: -7.43        Z: 0.61         dps
Temp: 21.00 *C
**********************
 
Time: 148658
Accel X: -19.60         Y: 5.92         Z: 19.60        m/s^2
Magn. X: -0.30          Y: 0.54         Z: -0.14        gauss
Gyro  X: 0.54           Y: -7.43        Z: 0.61         dps
Temp: 21.00 *C
**********************
 
Time: 149046
Accel X: -19.60         Y: 5.92         Z: 19.60        m/s^2
Magn. X: -0.30          Y: 0.54         Z: -0.14        gauss
Gyro  X: 0.54           Y: -7.43        Z: 0.61         dps
Temp: 21.00 *C
**********************
 
Time: 149435
Accel X: -19.60         Y: 5.92         Z: 19.60        m/s^2
Magn. X: -0.30          Y: 0.54         Z: -0.14        gauss
Gyro  X: 0.54           Y: -7.43        Z: 0.61         dps
Temp: 21.00 *C
**********************
 
Time: 149823
Accel X: -19.60         Y: 5.92         Z: 19.60        m/s^2
Magn. X: -0.30          Y: 0.54         Z: -0.14        gauss
Gyro  X: 0.54           Y: -7.43        Z: 0.61         dps
Temp: 21.00 *C
**********************
 
Time: 150212
Accel X: -19.60         Y: 5.92         Z: 19.60        m/s^2
Magn. X: -0.30          Y: 0.54         Z: -0.14        gauss
Gyro  X: 0.54           Y: -7.43        Z: 0.61         dps
Temp: 21.00 *C
**********************
 
Time: 150600
Accel X: -19.60         Y: 5.92         Z: 19.60        m/s^2
Magn. X: -0.30          Y: 0.54         Z: -0.14        gauss
Gyro  X: 0.54           Y: -7.43        Z: 0.61         dps
Temp: 21.00 *C
**********************
 
Time: 150990
Accel X: -19.60         Y: 5.92         Z: 19.60        m/s^2
Magn. X: -0.30          Y: 0.54         Z: -0.14        gauss
Gyro  X: 0.54           Y: -7.43        Z: 0.61         dps
Temp: 21.00 *C
**********************
 
Time: 151378
Accel X: -19.60         Y: 5.92         Z: 19.60        m/s^2
Magn. X: -0.30          Y: 0.54         Z: -0.14        gauss
Gyro  X: 0.54           Y: -7.43        Z: 0.61         dps
Temp: 21.00 *C
**********************
 
Time: 151767
Accel X: -19.60         Y: 5.92         Z: 19.60        m/s^2
Magn. X: -0.30          Y: 0.54         Z: -0.14        gauss
Gyro  X: 0.54           Y: -7.43        Z: 0.61         dps
Temp: 21.00 *C
**********************
 
Time: 152155
Accel X: -19.60         Y: 5.92         Z: 19.60        m/s^2
Magn. X: -0.30          Y: 0.54         Z: -0.14        gauss
Gyro  X: 0.54           Y: -7.43        Z: 0.61         dps
Temp: 21.00 *C
**********************
 
Time: 152544
Accel X: -19.60         Y: 5.92         Z: 19.60        m/s^2
Magn. X: -0.30          Y: 0.54         Z: -0.14        gauss
Gyro  X: 0.54           Y: -7.43        Z: 0.61         dps
Temp: 21.00 *C
**********************
 
Time: 152932
Accel X: -19.60         Y: 5.92         Z: 19.60        m/s^2
Magn. X: -0.30          Y: 0.54         Z: -0.14        gauss
Gyro  X: 0.54           Y: -7.43        Z: 0.61         dps
Temp: 21.00 *C
**********************
 
Time: 153320
Accel X: -19.60         Y: 5.92         Z: 19.60        m/s^2
Magn. X: -0.30          Y: 0.54         Z: -0.14        gauss
Gyro  X: 0.54           Y: -7.43        Z: 0.61         dps
Temp: 21.00 *C
**********************
 
Time: 153709
Accel X: -19.60         Y: 5.92         Z: 19.60        m/s^2
Magn. X: -0.30          Y: 0.54         Z: -0.14        gauss
Gyro  X: 0.54           Y: -7.43        Z: 0.61         dps
Temp: 21.00 *C
**********************
 
Time: 154097
Accel X: -19.60         Y: 5.92         Z: 19.60        m/s^2
Magn. X: -0.30          Y: 0.54         Z: -0.14        gauss
Gyro  X: 0.54           Y: -7.43        Z: 0.61         dps
Temp: 21.00 *C
**********************
 
Time: 154486
Accel X: -19.60         Y: 5.92         Z: 19.60        m/s^2
Magn. X: -0.30          Y: 0.54         Z: -0.14        gauss
Gyro  X: 0.54           Y: -7.43        Z: 0.61         dps
Temp: 21.00 *C
**********************
 
Time: 154875
Accel X: -19.60         Y: 5.92         Z: 19.60        m/s^2
Magn. X: -0.30          Y: 0.54         Z: -0.14        gauss
Gyro  X: 0.54           Y: -7.43        Z: 0.61         dps
Temp: 21.00 *C
**********************
 
Time: 155264
Accel X: -19.60         Y: 5.92         Z: 19.60        m/s^2
Magn. X: -0.30          Y: 0.54         Z: -0.14        gauss
Gyro  X: 0.54           Y: -7.43        Z: 0.61         dps
Temp: 21.00 *C
**********************
 
Time: 155652
Accel X: -19.60         Y: 5.92         Z: 19.60        m/s^2
Magn. X: -0.30          Y: 0.54         Z: -0.14        gauss
Gyro  X: 0.54           Y: -7.43        Z: 0.61         dps
Temp: 21.00 *C
**********************
 
Time: 156041
Accel X: -19.60         Y: 5.92         Z: 19.60        m/s^2
Magn. X: -0.30          Y: 0.54         Z: -0.14        gauss
Gyro  X: 0.54           Y: -7.43        Z: 0.61         dps
Temp: 21.00 *C
**********************
 
Time: 156429
Accel X: -19.60         Y: 5.92         Z: 19.60        m/s^2
Magn. X: -0.30          Y: 0.54         Z: -0.14        gauss
Gyro  X: 0.54           Y: -7.43        Z: 0.61         dps
Temp: 21.00 *C
**********************
 
Time: 156818
Accel X: -19.60         Y: 5.92         Z: 19.60        m/s^2
Magn. X: -0.30          Y: 0.54         Z: -0.14        gauss
Gyro  X: 0.54           Y: -7.43        Z: 0.61         dps
Temp: 21.00 *C
**********************
 
Time: 157206
Accel X: -19.60         Y: 5.92         Z: 19.60        m/s^2
Magn. X: -0.30          Y: 0.54         Z: -0.14        gauss
Gyro  X: 0.54           Y: -7.43        Z: 0.61         dps
Temp: 21.00 *C
**********************
 
Time: 157594
Accel X: -19.60         Y: 5.92         Z: 19.60        m/s^2
Magn. X: -0.30          Y: 0.54         Z: -0.14        gauss
Gyro  X: 0.54           Y: -7.43        Z: 0.61         dps
Temp: 21.00 *C
**********************
 
Time: 157983
Accel X: -19.60         Y: 5.92         Z: 19.60        m/s^2
Magn. X: -0.30          Y: 0.54         Z: -0.14        gauss
Gyro  X: 0.54           Y: -7.43        Z: 0.61         dps
Temp: 21.00 *C
**********************
 
Time: 158372
Accel X: -19.60         Y: 5.92         Z: 19.60        m/s^2
Magn. X: -0.30          Y: 0.54         Z: -0.14        gauss
Gyro  X: 0.54           Y: -7.43        Z: 0.61         dps
Temp: 21.00 *C
**********************
 
Time: 158761
Accel X: -19.60         Y: 5.92         Z: 19.60        m/s^2
Magn. X: -0.30          Y: 0.54         Z: -0.14        gauss
Gyro  X: 0.54           Y: -7.43        Z: 0.61         dps
Temp: 21.00 *C
**********************
 
Time: 159149
Accel X: -19.60         Y: 5.92         Z: 19.60        m/s^2
Magn. X: -0.30          Y: 0.54         Z: -0.14        gauss
Gyro  X: 0.54           Y: -7.43        Z: 0.61         dps
Temp: 21.00 *C
**********************
 
Time: 159538
Accel X: -19.60         Y: 5.92         Z: 19.60        m/s^2
Magn. X: -0.30          Y: 0.54         Z: -0.14        gauss
Gyro  X: 0.54           Y: -7.43        Z: 0.61         dps
Temp: 21.00 *C
**********************
 
Time: 159926
Accel X: -19.60         Y: 5.92         Z: 19.60        m/s^2
Magn. X: -0.30          Y: 0.54         Z: -0.14        gauss
Gyro  X: 0.54           Y: -7.43        Z: 0.61         dps
Temp: 21.00 *C
**********************
 
Time: 160315
Accel X: -19.60         Y: 5.92         Z: 19.60        m/s^2
Magn. X: -0.30          Y: 0.54         Z: -0.14        gauss
Gyro  X: 0.54           Y: -7.43        Z: 0.61         dps
Temp: 21.00 *C
**********************
 
Time: 160703
Accel X: -19.60         Y: 5.92         Z: 19.60        m/s^2
Magn. X: -0.30          Y: 0.54         Z: -0.14        gauss
Gyro  X: 0.54           Y: -7.43        Z: 0.61         dps
Temp: 21.00 *C
**********************
 
Time: 161092
Accel X: -19.60         Y: 5.92         Z: 19.60        m/s^2
Magn. X: -0.30          Y: 0.54         Z: -0.14        gauss
Gyro  X: 0.54           Y: -7.43        Z: 0.61         dps
Temp: 21.00 *C
**********************
 
Time: 161480
Accel X: -19.60         Y: 5.92         Z: 19.60        m/s^2
Magn. X: -0.30          Y: 0.54         Z: -0.14        gauss
Gyro  X: 0.54           Y: -7.43        Z: 0.61         dps
Temp: 21.00 *C
**********************
 
Time: 161870
Accel X: -19.60         Y: 5.92         Z: 19.60        m/s^2
Magn. X: -0.30          Y: 0.54         Z: -0.14        gauss
Gyro  X: 0.54           Y: -7.43        Z: 0.61         dps
Temp: 21.00 *C
**********************
 
Time: 162258
Accel X: -19.60         Y: 5.92         Z: 19.60        m/s^2
Magn. X: -0.30          Y: 0.54         Z: -0.14        gauss
Gyro  X: 0.54           Y: -7.43        Z: 0.61         dps
Temp: 21.00 *C
**********************
 
Time: 162646
Accel X: -19.60         Y: 5.92         Z: 19.60        m/s^2
Magn. X: -0.30          Y: 0.54         Z: -0.14        gauss
Gyro  X: 0.54           Y: -7.43        Z: 0.61         dps
Temp: 21.00 *C
**********************
 
Time: 163035
Accel X: -19.60         Y: 5.92         Z: 19.60        m/s^2
Magn. X: -0.30          Y: 0.54         Z: -0.14        gauss
Gyro  X: 0.54           Y: -7.43        Z: 0.61         dps
Temp: 21.00 *C
**********************
 
Time: 163423
Accel X: -19.60         Y: 5.92         Z: 19.60        m/s^2
Magn. X: -0.30          Y: 0.54         Z: -0.14        gauss
Gyro  X: 0.54           Y: -7.43        Z: 0.61         dps
Temp: 21.00 *C
**********************
 
Time: 163812
Accel X: -19.60         Y: 5.92         Z: 19.60        m/s^2
Magn. X: -0.30          Y: 0.54         Z: -0.14        gauss
Gyro  X: 0.54           Y: -7.43        Z: 0.61         dps
Temp: 21.00 *C
**********************
 
Time: 164200
Accel X: -19.60         Y: 5.92         Z: 19.60        m/s^2
Magn. X: -0.30          Y: 0.54         Z: -0.14        gauss
Gyro  X: 0.54           Y: -7.43        Z: 0.61         dps
Temp: 21.00 *C
**********************
 
Time: 164589
Accel X: -19.60         Y: 5.92         Z: 19.60        m/s^2
Magn. X: -0.30          Y: 0.54         Z: -0.14        gauss
Gyro  X: 0.54           Y: -7.43        Z: 0.61         dps
Temp: 21.00 *C
**********************
 
Time: 164977
Accel X: -19.60         Y: 5.92         Z: 19.60        m/s^2
Magn. X: -0.30          Y: 0.54         Z: -0.14        gauss
Gyro  X: 0.54           Y: -7.43        Z: 0.61         dps
Temp: 21.00 *C
**********************
 
Time: 165366
Accel X: -19.60         Y: 5.92         Z: 19.60        m/s^2
Magn. X: -0.30          Y: 0.54         Z: -0.14        gauss
Gyro  X: 0.54           Y: -7.43        Z: 0.61         dps
Temp: 21.00 *C
**********************
 
Time: 165755
Accel X: -19.60         Y: 5.92         Z: 19.60        m/s^2
Magn. X: -0.30          Y: 0.54         Z: -0.14        gauss
Gyro  X: 0.54           Y: -7.43        Z: 0.61         dps
Temp: 21.00 *C
**********************
 
Time: 166144
Accel X: -19.60         Y: 5.92         Z: 19.60        m/s^2
Magn. X: -0.30          Y: 0.54         Z: -0.14        gauss
Gyro  X: 0.54           Y: -7.43        Z: 0.61         dps
Temp: 21.00 *C
**********************
 
Time: 166532
Accel X: -19.60         Y: 5.92         Z: 19.60        m/s^2
Magn. X: -0.30          Y: 0.54         Z: -0.14        gauss
Gyro  X: 0.54           Y: -7.43        Z: 0.61         dps
Temp: 21.00 *C
**********************
 
Time: 166920
Accel X: -19.60         Y: 5.92         Z: 19.60        m/s^2
Magn. X: -0.30          Y: 0.54         Z: -0.14        gauss
Gyro  X: 0.54           Y: -7.43        Z: 0.61         dps
Temp: 21.00 *C
**********************
 
Time: 167309
Accel X: -19.60         Y: 5.92         Z: 19.60        m/s^2
Magn. X: -0.30          Y: 0.54         Z: -0.14        gauss
Gyro  X: 0.54           Y: -7.43        Z: 0.61         dps
Temp: 21.00 *C
**********************
 
Time: 167697
Accel X: -19.60         Y: 5.92         Z: 19.60        m/s^2
Magn. X: -0.30          Y: 0.54         Z: -0.14        gauss
Gyro  X: 0.54           Y: -7.43        Z: 0.61         dps
Temp: 21.00 *C
**********************
 
Time: 168086
Accel X: -19.60         Y: 5.92         Z: 19.60        m/s^2
Magn. X: -0.30          Y: 0.54         Z: -0.14        gauss
Gyro  X: 0.54           Y: -7.43        Z: 0.61         dps
Temp: 21.00 *C
**********************
 
Time: 168474
Accel X: -19.60         Y: 5.92         Z: 19.60        m/s^2
Magn. X: -0.30          Y: 0.54         Z: -0.14        gauss
Gyro  X: 0.54           Y: -7.43        Z: 0.61         dps
Temp: 21.00 *C
**********************
 
Time: 168863
Accel X: -19.60         Y: 5.92         Z: 19.60        m/s^2
Magn. X: -0.30          Y: 0.54         Z: -0.14        gauss
Gyro  X: 0.54           Y: -7.43        Z: 0.61         dps
Temp: 21.00 *C
**********************
 
Time: 169252
Accel X: -19.60         Y: 5.92         Z: 19.60        m/s^2
Magn. X: -0.30          Y: 0.54         Z: -0.14        gauss
Gyro  X: 0.54           Y: -7.43        Z: 0.61         dps
Temp: 21.00 *C
**********************
 
Time: 169641
Accel X: -19.60         Y: 5.92         Z: 19.60        m/s^2
Magn. X: -0.30          Y: 0.54         Z: -0.14        gauss
Gyro  X: 0.54           Y: -7.43        Z: 0.61         dps
Temp: 21.00 *C
**********************
 
Time: 170029
Accel X: -19.60         Y: 5.92         Z: 19.60        m/s^2
Magn. X: -0.30          Y: 0.54         Z: -0.14        gauss
Gyro  X: 0.54           Y: -7.43        Z: 0.61         dps
Temp: 21.00 *C
**********************
 
Time: 170418
Accel X: -19.60         Y: 5.92         Z: 19.60        m/s^2
Magn. X: -0.30          Y: 0.54         Z: -0.14        gauss
Gyro  X: 0.54           Y: -7.43        Z: 0.61         dps
Temp: 21.00 *C
**********************
 
Time: 170806
Accel X: -19.60         Y: 5.92         Z: 19.60        m/s^2
Magn. X: -0.30          Y: 0.54         Z: -0.14        gauss
Gyro  X: 0.54           Y: -7.43        Z: 0.61         dps
Temp: 21.00 *C
**********************
 
Time: 171195
Accel X: -19.60         Y: 5.92         Z: 19.60        m/s^2
Magn. X: -0.30          Y: 0.54         Z: -0.14        gauss
Gyro  X: 0.54           Y: -7.43        Z: 0.61         dps
Temp: 21.00 *C
**********************
 
Time: 171583
Accel X: -19.60         Y: 5.92         Z: 19.60        m/s^2
Magn. X: -0.30          Y: 0.54         Z: -0.14        gauss
Gyro  X: 0.54           Y: -7.43        Z: 0.61         dps
Temp: 21.00 *C
**********************
 
Time: 171971
Accel X: -19.60         Y: 5.92         Z: 19.60        m/s^2
Magn. X: -0.30          Y: 0.54         Z: -0.14        gauss
Gyro  X: 0.54           Y: -7.43        Z: 0.61         dps
Temp: 21.00 *C
**********************
 
Time: 172360
Accel X: -19.60         Y: 5.92         Z: 19.60        m/s^2
Magn. X: -0.30          Y: 0.54         Z: -0.14        gauss
Gyro  X: 0.54           Y: -7.43        Z: 0.61         dps
Temp: 21.00 *C
**********************
 
Time: 172749
Accel X: -19.60         Y: 5.92         Z: 19.60        m/s^2
Magn. X: -0.30          Y: 0.54         Z: -0.14        gauss
Gyro  X: 0.54           Y: -7.43        Z: 0.61         dps
Temp: 21.00 *C
**********************
 
Time: 173138
Accel X: -19.60         Y: 5.92         Z: 19.60        m/s^2
Magn. X: -0.30          Y: 0.54         Z: -0.14        gauss
Gyro  X: 0.54           Y: -7.43        Z: 0.61         dps
Temp: 21.00 *C
**********************
 
Time: 173526
Accel X: -19.60         Y: 5.92         Z: 19.60        m/s^2
Magn. X: -0.30          Y: 0.54         Z: -0.14        gauss
Gyro  X: 0.54           Y: -7.43        Z: 0.61         dps
Temp: 21.00 *C
**********************
 
Time: 173915
Accel X: -19.60         Y: 5.92         Z: 19.60        m/s^2
Magn. X: -0.30          Y: 0.54         Z: -0.14        gauss
Gyro  X: 0.54           Y: -7.43        Z: 0.61         dps
Temp: 21.00 *C
**********************
 
Time: 174303
Accel X: -19.60         Y: 5.92         Z: 19.60        m/s^2
Magn. X: -0.30          Y: 0.54         Z: -0.14        gauss
Gyro  X: 0.54           Y: -7.43        Z: 0.61         dps
Temp: 21.00 *C
**********************
 
Time: 174692
Accel X: -19.60         Y: 5.92         Z: 19.60        m/s^2
Magn. X: -0.30          Y: 0.54         Z: -0.14        gauss
Gyro  X: 0.54           Y: -7.43        Z: 0.61         dps
Temp: 21.00 *C
**********************
 
Time: 175080
Accel X: -19.60         Y: 5.92         Z: 19.60        m/s^2
Magn. X: -0.30          Y: 0.54         Z: -0.14        gauss
Gyro  X: 0.54           Y: -7.43        Z: 0.61         dps
Temp: 21.00 *C
**********************
 
Time: 175469
Accel X: -19.60         Y: 5.92         Z: 19.60        m/s^2
Magn. X: -0.30          Y: 0.54         Z: -0.14        gauss
Gyro  X: 0.54           Y: -7.43        Z: 0.61         dps
Temp: 21.00 *C
**********************
 
Time: 175857
Accel X: -19.60         Y: 5.92         Z: 19.60        m/s^2
Magn. X: -0.30          Y: 0.54         Z: -0.14        gauss
Gyro  X: 0.54           Y: -7.43        Z: 0.61         dps
Temp: 21.00 *C
**********************
 
Time: 176246
Accel X: -19.60         Y: 5.92         Z: 19.60        m/s^2
Magn. X: -0.30          Y: 0.54         Z: -0.14        gauss
Gyro  X: 0.54           Y: -7.43        Z: 0.61         dps
Temp: 21.00 *C
**********************
 
Time: 176635
Accel X: -19.60         Y: 5.92         Z: 19.60        m/s^2
Magn. X: -0.30          Y: 0.54         Z: -0.14        gauss
Gyro  X: 0.54           Y: -7.43        Z: 0.61         dps
Temp: 21.00 *C
**********************
 
 
[Closed]
 
